2025-09-02 17:29:06,231 - INFO - Created class directories
2025-09-02 17:29:06,231 - INFO - Loading TMNIST data...
2025-09-02 17:29:08,006 - INFO - Data loaded: 29900 samples, labels: [np.str_('0'), np.str_('1'), np.str_('2'), np.str_('3'), np.str_('4'), np.str_('5'), np.str_('6'), np.str_('7'), np.str_('8'), np.str_('9')]
2025-09-02 17:29:08,462 - INFO - Saving train images (20930 samples)...
2025-09-02 17:29:08,942 - INFO -   Progress: 1000/20930
2025-09-02 17:29:09,353 - INFO -   Progress: 2000/20930
2025-09-02 17:29:09,772 - INFO -   Progress: 3000/20930
2025-09-02 17:29:10,213 - INFO -   Progress: 4000/20930
2025-09-02 17:29:10,621 - INFO -   Progress: 5000/20930
2025-09-02 17:29:11,033 - INFO -   Progress: 6000/20930
2025-09-02 17:29:11,445 - INFO -   Progress: 7000/20930
2025-09-02 17:29:11,846 - INFO -   Progress: 8000/20930
2025-09-02 17:29:12,309 - INFO -   Progress: 9000/20930
2025-09-02 17:29:12,746 - INFO -   Progress: 10000/20930
2025-09-02 17:29:13,155 - INFO -   Progress: 11000/20930
2025-09-02 17:29:13,619 - INFO -   Progress: 12000/20930
2025-09-02 17:29:14,038 - INFO -   Progress: 13000/20930
2025-09-02 17:29:14,468 - INFO -   Progress: 14000/20930
2025-09-02 17:29:14,903 - INFO -   Progress: 15000/20930
2025-09-02 17:29:15,314 - INFO -   Progress: 16000/20930
2025-09-02 17:29:15,734 - INFO -   Progress: 17000/20930
2025-09-02 17:29:16,146 - INFO -   Progress: 18000/20930
2025-09-02 17:29:16,555 - INFO -   Progress: 19000/20930
2025-09-02 17:29:16,999 - INFO -   Progress: 20000/20930
2025-09-02 17:29:17,413 - INFO - Saving val images (5980 samples)...
2025-09-02 17:29:17,841 - INFO -   Progress: 1000/5980
2025-09-02 17:29:18,280 - INFO -   Progress: 2000/5980
2025-09-02 17:29:18,713 - INFO -   Progress: 3000/5980
2025-09-02 17:29:19,185 - INFO -   Progress: 4000/5980
2025-09-02 17:29:19,615 - INFO -   Progress: 5000/5980
2025-09-02 17:29:20,041 - INFO - Saving test images (2990 samples)...
2025-09-02 17:29:20,463 - INFO -   Progress: 1000/2990
2025-09-02 17:29:20,889 - INFO -   Progress: 2000/2990
2025-09-02 17:29:21,320 - INFO - Verifying final split structure...
2025-09-02 17:29:21,336 - INFO - TRAIN distribution: 0: 2093, 1: 2093, 2: 2093, 3: 2093, 4: 2093, 5: 2093, 6: 2093, 7: 2093, 8: 2093, 9: 2093
2025-09-02 17:29:21,341 - INFO - VAL distribution: 0: 598, 1: 598, 2: 598, 3: 598, 4: 598, 5: 598, 6: 598, 7: 598, 8: 598, 9: 598
2025-09-02 17:29:21,345 - INFO - TEST distribution: 0: 299, 1: 299, 2: 299, 3: 299, 4: 299, 5: 299, 6: 299, 7: 299, 8: 299, 9: 299
2025-09-02 17:29:21,346 - INFO - Final split ratios: Train=70.0% (20930), Val=20.0% (5980), Test=10.0% (2990)
2025-09-02 17:29:21,346 - INFO - Data split completed successfully!
